Base path: C:/Program Files (x86)/Unity/Editor/Data
Pipe name: \\.\pipe\UnityShaderCompiler-64bit-5-7528
Cmd: getPlatforms
Cmd: compileSnippet
  api=1 type=0 insize=1152 outsize=1026 kw=LIGHTMAP_OFF DIRLIGHTMAP_OFF DYNAMICLIGHTMAP_OFF _EMISSION UNITY_HDR_ON _ALPHAPREMULTIPLY_ON _DETAIL_MULX2 _NORMALMAP ok=1
Cmd: compileSnippet
  api=4 type=0 insize=1152 outsize=5515 kw=LIGHTMAP_OFF DIRLIGHTMAP_OFF DYNAMICLIGHTMAP_OFF _EMISSION UNITY_HDR_ON _ALPHAPREMULTIPLY_ON _PARALLAXMAP _DETAIL_MULX2 _NORMALMAP ok=1
Cmd: compileSnippet
  api=4 type=0 insize=1152 outsize=5515 kw=LIGHTMAP_OFF DIRLIGHTMAP_OFF DYNAMICLIGHTMAP_OFF _EMISSION UNITY_HDR_ON _ALPHAPREMULTIPLY_ON _PARALLAXMAP _NORMALMAP _METALLICGLOSSMAP ok=1
Cmd: compileSnippet
  api=1 type=1 insize=1152 outsize=2392 kw=LIGHTMAP_OFF DIRLIGHTMAP_OFF DYNAMICLIGHTMAP_OFF ok=1
Cmd: compileSnippet
  api=4 type=1 insize=1152 outsize=8367 kw=LIGHTMAP_OFF DIRLIGHTMAP_OFF DYNAMICLIGHTMAP_OFF _DETAIL_MULX2 ok=1
Cmd: compileSnippet
  api=4 type=1 insize=1152 outsize=7944 kw=LIGHTMAP_OFF DIRLIGHTMAP_OFF DYNAMICLIGHTMAP_OFF _METALLICGLOSSMAP ok=1
Cmd: compileSnippet
  api=1 type=1 insize=1152 outsize=2538 kw=LIGHTMAP_OFF DIRLIGHTMAP_OFF DYNAMICLIGHTMAP_OFF _DETAIL_MULX2 _METALLICGLOSSMAP ok=1
Cmd: compileSnippet
  api=4 type=1 insize=1152 outsize=8066 kw=LIGHTMAP_OFF DIRLIGHTMAP_OFF DYNAMICLIGHTMAP_OFF _EMISSION ok=1
Cmd: compileSnippet
  api=4 type=1 insize=1152 outsize=8578 kw=LIGHTMAP_OFF DIRLIGHTMAP_OFF DYNAMICLIGHTMAP_OFF _EMISSION _DETAIL_MULX2 ok=1
Cmd: compileSnippet
  api=4 type=1 insize=1152 outsize=8156 kw=LIGHTMAP_OFF DIRLIGHTMAP_OFF DYNAMICLIGHTMAP_OFF _EMISSION _METALLICGLOSSMAP ok=1
Cmd: compileSnippet
  api=4 type=1 insize=1152 outsize=8668 kw=LIGHTMAP_OFF DIRLIGHTMAP_OFF DYNAMICLIGHTMAP_OFF _EMISSION _DETAIL_MULX2 _METALLICGLOSSMAP ok=1
Cmd: compileSnippet
  api=4 type=1 insize=1152 outsize=8034 kw=LIGHTMAP_OFF DIRLIGHTMAP_OFF DYNAMICLIGHTMAP_OFF _ALPHATEST_ON ok=1
Cmd: compileSnippet
  api=4 type=1 insize=1152 outsize=8546 kw=LIGHTMAP_OFF DIRLIGHTMAP_OFF DYNAMICLIGHTMAP_OFF _ALPHATEST_ON _DETAIL_MULX2 ok=1
Cmd: compileSnippet
  api=1 type=1 insize=1152 outsize=2448 kw=LIGHTMAP_OFF DIRLIGHTMAP_OFF DYNAMICLIGHTMAP_OFF _ALPHATEST_ON _METALLICGLOSSMAP ok=1
Cmd: compileSnippet
  api=4 type=1 insize=1152 outsize=8635 kw=LIGHTMAP_OFF DIRLIGHTMAP_OFF DYNAMICLIGHTMAP_OFF _ALPHATEST_ON _DETAIL_MULX2 _METALLICGLOSSMAP ok=1
Cmd: compileSnippet
  api=1 type=1 insize=1152 outsize=2521 kw=LIGHTMAP_OFF DIRLIGHTMAP_OFF DYNAMICLIGHTMAP_OFF _EMISSION _ALPHATEST_ON ok=1
Cmd: compileSnippet
  api=4 type=1 insize=1152 outsize=8757 kw=LIGHTMAP_OFF DIRLIGHTMAP_OFF DYNAMICLIGHTMAP_OFF _EMISSION _ALPHATEST_ON _DETAIL_MULX2 ok=1
Cmd: compileSnippet
  api=4 type=1 insize=1152 outsize=8334 kw=LIGHTMAP_OFF DIRLIGHTMAP_OFF DYNAMICLIGHTMAP_OFF _EMISSION _ALPHATEST_ON _METALLICGLOSSMAP ok=1
Cmd: compileSnippet
  api=4 type=1 insize=1152 outsize=8846 kw=LIGHTMAP_OFF DIRLIGHTMAP_OFF DYNAMICLIGHTMAP_OFF _EMISSION _ALPHATEST_ON _DETAIL_MULX2 _METALLICGLOSSMAP ok=1
Cmd: compileSnippet
  api=4 type=1 insize=1152 outsize=7855 kw=LIGHTMAP_OFF DIRLIGHTMAP_OFF DYNAMICLIGHTMAP_OFF _ALPHABLEND_ON ok=1
Cmd: compileSnippet
  api=4 type=1 insize=1152 outsize=8367 kw=LIGHTMAP_OFF DIRLIGHTMAP_OFF DYNAMICLIGHTMAP_OFF _ALPHABLEND_ON _DETAIL_MULX2 ok=1
Cmd: compileSnippet
  api=4 type=1 insize=1152 outsize=7944 kw=LIGHTMAP_OFF DIRLIGHTMAP_OFF DYNAMICLIGHTMAP_OFF _ALPHABLEND_ON _METALLICGLOSSMAP ok=1
Cmd: compileSnippet
  api=4 type=1 insize=1152 outsize=8456 kw=LIGHTMAP_OFF DIRLIGHTMAP_OFF DYNAMICLIGHTMAP_OFF _ALPHABLEND_ON _DETAIL_MULX2 _METALLICGLOSSMAP ok=1
Cmd: compileSnippet
  api=4 type=1 insize=1152 outsize=8066 kw=LIGHTMAP_OFF DIRLIGHTMAP_OFF DYNAMICLIGHTMAP_OFF _EMISSION _ALPHABLEND_ON ok=1
Cmd: compileSnippet
  api=4 type=1 insize=1152 outsize=8578 kw=LIGHTMAP_OFF DIRLIGHTMAP_OFF DYNAMICLIGHTMAP_OFF _EMISSION _ALPHABLEND_ON _DETAIL_MULX2 ok=1
Cmd: compileSnippet
  api=4 type=1 insize=1152 outsize=8156 kw=LIGHTMAP_OFF DIRLIGHTMAP_OFF DYNAMICLIGHTMAP_OFF _EMISSION _ALPHABLEND_ON _METALLICGLOSSMAP ok=1
Cmd: compileSnippet
  api=4 type=1 insize=1152 outsize=8668 kw=LIGHTMAP_OFF DIRLIGHTMAP_OFF DYNAMICLIGHTMAP_OFF _EMISSION _ALPHABLEND_ON _DETAIL_MULX2 _METALLICGLOSSMAP ok=1
Cmd: compileSnippet
  api=4 type=1 insize=1152 outsize=9480 kw=LIGHTMAP_OFF DIRLIGHTMAP_OFF DYNAMICLIGHTMAP_OFF _EMISSION _ALPHABLEND_ON _PARALLAXMAP _DETAIL_MULX2 _METALLICGLOSSMAP ok=1
Cmd: compileSnippet
  api=1 type=1 insize=1152 outsize=2637 kw=LIGHTMAP_OFF DIRLIGHTMAP_OFF DYNAMICLIGHTMAP_OFF _ALPHAPREMULTIPLY_ON _DETAIL_MULX2 ok=1
Cmd: compileSnippet
  api=1 type=1 insize=1152 outsize=2442 kw=LIGHTMAP_OFF DIRLIGHTMAP_OFF DYNAMICLIGHTMAP_OFF _ALPHAPREMULTIPLY_ON _METALLICGLOSSMAP ok=1
Cmd: compileSnippet
  api=4 type=1 insize=1152 outsize=8513 kw=LIGHTMAP_OFF DIRLIGHTMAP_OFF DYNAMICLIGHTMAP_OFF _ALPHAPREMULTIPLY_ON _DETAIL_MULX2 _METALLICGLOSSMAP ok=1
Cmd: compileSnippet
  api=4 type=1 insize=1152 outsize=8123 kw=LIGHTMAP_OFF DIRLIGHTMAP_OFF DYNAMICLIGHTMAP_OFF _EMISSION _ALPHAPREMULTIPLY_ON ok=1
Cmd: compileSnippet
  api=4 type=1 insize=1152 outsize=8635 kw=LIGHTMAP_OFF DIRLIGHTMAP_OFF DYNAMICLIGHTMAP_OFF _EMISSION _ALPHAPREMULTIPLY_ON _DETAIL_MULX2 ok=1
Cmd: compileSnippet
  api=4 type=1 insize=1152 outsize=8213 kw=LIGHTMAP_OFF DIRLIGHTMAP_OFF DYNAMICLIGHTMAP_OFF _EMISSION _ALPHAPREMULTIPLY_ON _METALLICGLOSSMAP ok=1
Cmd: compileSnippet
  api=1 type=1 insize=1152 outsize=2873 kw=LIGHTMAP_OFF DIRLIGHTMAP_OFF DYNAMICLIGHTMAP_OFF _EMISSION _ALPHAPREMULTIPLY_ON _PARALLAXMAP _METALLICGLOSSMAP ok=1
Cmd: compileSnippet
  api=4 type=1 insize=1152 outsize=9537 kw=LIGHTMAP_OFF DIRLIGHTMAP_OFF DYNAMICLIGHTMAP_OFF _EMISSION _ALPHAPREMULTIPLY_ON _PARALLAXMAP _DETAIL_MULX2 _METALLICGLOSSMAP ok=1
Cmd: compileSnippet
  api=1 type=1 insize=1152 outsize=3071 kw=LIGHTMAP_OFF DIRLIGHTMAP_OFF DYNAMICLIGHTMAP_OFF _PARALLAXMAP _NORMALMAP ok=1
Cmd: compileSnippet
  api=4 type=1 insize=1152 outsize=8733 kw=LIGHTMAP_OFF DIRLIGHTMAP_OFF DYNAMICLIGHTMAP_OFF _NORMALMAP _METALLICGLOSSMAP ok=1
Cmd: compileSnippet
  api=4 type=1 insize=1152 outsize=9496 kw=LIGHTMAP_OFF DIRLIGHTMAP_OFF DYNAMICLIGHTMAP_OFF _PARALLAXMAP _NORMALMAP _METALLICGLOSSMAP ok=1
Cmd: compileSnippet
  api=4 type=1 insize=1152 outsize=10934 kw=LIGHTMAP_OFF DIRLIGHTMAP_OFF DYNAMICLIGHTMAP_OFF _PARALLAXMAP _DETAIL_MULX2 _NORMALMAP _METALLICGLOSSMAP ok=1
Cmd: compileSnippet
  api=4 type=1 insize=1152 outsize=9618 kw=LIGHTMAP_OFF DIRLIGHTMAP_OFF DYNAMICLIGHTMAP_OFF _EMISSION _PARALLAXMAP _NORMALMAP ok=1
Cmd: compileSnippet
  api=4 type=1 insize=1152 outsize=11056 kw=LIGHTMAP_OFF DIRLIGHTMAP_OFF DYNAMICLIGHTMAP_OFF _EMISSION _PARALLAXMAP _DETAIL_MULX2 _NORMALMAP ok=1
Cmd: compileSnippet
  api=4 type=1 insize=1152 outsize=9708 kw=LIGHTMAP_OFF DIRLIGHTMAP_OFF DYNAMICLIGHTMAP_OFF _EMISSION _PARALLAXMAP _NORMALMAP _METALLICGLOSSMAP ok=1
Cmd: compileSnippet
  api=1 type=1 insize=1152 outsize=2859 kw=LIGHTMAP_OFF DIRLIGHTMAP_OFF DYNAMICLIGHTMAP_OFF _ALPHATEST_ON _NORMALMAP ok=1
Cmd: compileSnippet
  api=1 type=1 insize=1152 outsize=3373 kw=LIGHTMAP_OFF DIRLIGHTMAP_OFF DYNAMICLIGHTMAP_OFF _ALPHATEST_ON _DETAIL_MULX2 _NORMALMAP ok=1
Cmd: compileSnippet
  api=4 type=1 insize=1152 outsize=8911 kw=LIGHTMAP_OFF DIRLIGHTMAP_OFF DYNAMICLIGHTMAP_OFF _ALPHATEST_ON _NORMALMAP _METALLICGLOSSMAP ok=1
Cmd: compileSnippet
  api=4 type=1 insize=1152 outsize=10349 kw=LIGHTMAP_OFF DIRLIGHTMAP_OFF DYNAMICLIGHTMAP_OFF _ALPHATEST_ON _DETAIL_MULX2 _NORMALMAP _METALLICGLOSSMAP ok=1
Cmd: compileSnippet
  api=4 type=1 insize=1152 outsize=9033 kw=LIGHTMAP_OFF DIRLIGHTMAP_OFF DYNAMICLIGHTMAP_OFF _EMISSION _ALPHATEST_ON _NORMALMAP ok=1
Cmd: compileSnippet
  api=4 type=1 insize=1152 outsize=9797 kw=LIGHTMAP_OFF DIRLIGHTMAP_OFF DYNAMICLIGHTMAP_OFF _EMISSION _ALPHATEST_ON _PARALLAXMAP _NORMALMAP ok=1
Cmd: compileSnippet
  api=1 type=1 insize=1152 outsize=2915 kw=LIGHTMAP_OFF DIRLIGHTMAP_OFF DYNAMICLIGHTMAP_OFF _EMISSION _ALPHATEST_ON _NORMALMAP _METALLICGLOSSMAP ok=1
Cmd: compileSnippet
  api=4 type=1 insize=1152 outsize=9886 kw=LIGHTMAP_OFF DIRLIGHTMAP_OFF DYNAMICLIGHTMAP_OFF _EMISSION _ALPHATEST_ON _PARALLAXMAP _NORMALMAP _METALLICGLOSSMAP ok=1
Cmd: compileSnippet
  api=1 type=1 insize=1152 outsize=3680 kw=LIGHTMAP_OFF DIRLIGHTMAP_OFF DYNAMICLIGHTMAP_OFF _EMISSION _ALPHATEST_ON _PARALLAXMAP _DETAIL_MULX2 _NORMALMAP _METALLICGLOSSMAP ok=1
Cmd: compileSnippet
  api=1 type=1 insize=1152 outsize=3071 kw=LIGHTMAP_OFF DIRLIGHTMAP_OFF DYNAMICLIGHTMAP_OFF _ALPHABLEND_ON _PARALLAXMAP _NORMALMAP ok=1
Cmd: compileSnippet
  api=1 type=1 insize=1152 outsize=3588 kw=LIGHTMAP_OFF DIRLIGHTMAP_OFF DYNAMICLIGHTMAP_OFF _ALPHABLEND_ON _PARALLAXMAP _DETAIL_MULX2 _NORMALMAP ok=1
Cmd: compileSnippet
  api=4 type=1 insize=1152 outsize=10171 kw=LIGHTMAP_OFF DIRLIGHTMAP_OFF DYNAMICLIGHTMAP_OFF _ALPHABLEND_ON _DETAIL_MULX2 _NORMALMAP _METALLICGLOSSMAP ok=1
Cmd: compileSnippet
  api=1 type=1 insize=1152 outsize=2832 kw=LIGHTMAP_OFF DIRLIGHTMAP_OFF DYNAMICLIGHTMAP_OFF _EMISSION _ALPHABLEND_ON _NORMALMAP ok=1
Cmd: compileSnippet
  api=4 type=1 insize=1152 outsize=10293 kw=LIGHTMAP_OFF DIRLIGHTMAP_OFF DYNAMICLIGHTMAP_OFF _EMISSION _ALPHABLEND_ON _DETAIL_MULX2 _NORMALMAP ok=1
Cmd: compileSnippet
  api=4 type=1 insize=1152 outsize=8944 kw=LIGHTMAP_OFF DIRLIGHTMAP_OFF DYNAMICLIGHTMAP_OFF _EMISSION _ALPHABLEND_ON _NORMALMAP _METALLICGLOSSMAP ok=1
Cmd: compileSnippet
  api=1 type=1 insize=1152 outsize=3373 kw=LIGHTMAP_OFF DIRLIGHTMAP_OFF DYNAMICLIGHTMAP_OFF _EMISSION _ALPHABLEND_ON _DETAIL_MULX2 _NORMALMAP _METALLICGLOSSMAP ok=1
Cmd: compileSnippet
  api=4 type=1 insize=1152 outsize=8700 kw=LIGHTMAP_OFF DIRLIGHTMAP_OFF DYNAMICLIGHTMAP_OFF _ALPHAPREMULTIPLY_ON _NORMALMAP ok=1
Cmd: compileSnippet
  api=4 type=1 insize=1152 outsize=10138 kw=LIGHTMAP_OFF DIRLIGHTMAP_OFF DYNAMICLIGHTMAP_OFF _ALPHAPREMULTIPLY_ON _DETAIL_MULX2 _NORMALMAP ok=1
Cmd: compileSnippet
  api=1 type=1 insize=1152 outsize=2876 kw=LIGHTMAP_OFF DIRLIGHTMAP_OFF DYNAMICLIGHTMAP_OFF _ALPHAPREMULTIPLY_ON _NORMALMAP _METALLICGLOSSMAP ok=1
Cmd: compileSnippet
  api=1 type=1 insize=1152 outsize=3401 kw=LIGHTMAP_OFF DIRLIGHTMAP_OFF DYNAMICLIGHTMAP_OFF _ALPHAPREMULTIPLY_ON _DETAIL_MULX2 _NORMALMAP _METALLICGLOSSMAP ok=1
Cmd: compileSnippet
  api=1 type=1 insize=1152 outsize=2889 kw=LIGHTMAP_OFF DIRLIGHTMAP_OFF DYNAMICLIGHTMAP_OFF _EMISSION _ALPHAPREMULTIPLY_ON _NORMALMAP ok=1
Cmd: compileSnippet
  api=1 type=1 insize=1152 outsize=3430 kw=LIGHTMAP_OFF DIRLIGHTMAP_OFF DYNAMICLIGHTMAP_OFF _EMISSION _ALPHAPREMULTIPLY_ON _DETAIL_MULX2 _NORMALMAP ok=1
Cmd: compileSnippet
  api=4 type=1 insize=1152 outsize=9001 kw=LIGHTMAP_OFF DIRLIGHTMAP_OFF DYNAMICLIGHTMAP_OFF _EMISSION _ALPHAPREMULTIPLY_ON _NORMALMAP _METALLICGLOSSMAP ok=1
Cmd: compileSnippet
  api=4 type=1 insize=1152 outsize=10439 kw=LIGHTMAP_OFF DIRLIGHTMAP_OFF DYNAMICLIGHTMAP_OFF _EMISSION _ALPHAPREMULTIPLY_ON _DETAIL_MULX2 _NORMALMAP _METALLICGLOSSMAP ok=1
Cmd: compileSnippet
  api=4 type=1 insize=1152 outsize=7806 kw=LIGHTMAP_OFF DIRLIGHTMAP_OFF DYNAMICLIGHTMAP_OFF UNITY_HDR_ON ok=1
Cmd: compileSnippet
  api=4 type=1 insize=1152 outsize=8318 kw=LIGHTMAP_OFF DIRLIGHTMAP_OFF DYNAMICLIGHTMAP_OFF UNITY_HDR_ON _DETAIL_MULX2 ok=1
Cmd: compileSnippet
  api=4 type=1 insize=1152 outsize=7896 kw=LIGHTMAP_OFF DIRLIGHTMAP_OFF DYNAMICLIGHTMAP_OFF UNITY_HDR_ON _METALLICGLOSSMAP ok=1
Cmd: compileSnippet
  api=4 type=1 insize=1152 outsize=8408 kw=LIGHTMAP_OFF DIRLIGHTMAP_OFF DYNAMICLIGHTMAP_OFF UNITY_HDR_ON _DETAIL_MULX2 _METALLICGLOSSMAP ok=1
Cmd: compileSnippet
  api=4 type=1 insize=1152 outsize=8018 kw=LIGHTMAP_OFF DIRLIGHTMAP_OFF DYNAMICLIGHTMAP_OFF _EMISSION UNITY_HDR_ON ok=1
Cmd: compileSnippet
  api=4 type=1 insize=1152 outsize=8529 kw=LIGHTMAP_OFF DIRLIGHTMAP_OFF DYNAMICLIGHTMAP_OFF _EMISSION UNITY_HDR_ON _DETAIL_MULX2 ok=1
Cmd: compileSnippet
  api=4 type=1 insize=1152 outsize=8107 kw=LIGHTMAP_OFF DIRLIGHTMAP_OFF DYNAMICLIGHTMAP_OFF _EMISSION UNITY_HDR_ON _METALLICGLOSSMAP ok=1
Cmd: compileSnippet
  api=4 type=1 insize=1152 outsize=8619 kw=LIGHTMAP_OFF DIRLIGHTMAP_OFF DYNAMICLIGHTMAP_OFF _EMISSION UNITY_HDR_ON _DETAIL_MULX2 _METALLICGLOSSMAP ok=1
Cmd: compileSnippet
  api=1 type=1 insize=1152 outsize=2408 kw=LIGHTMAP_OFF DIRLIGHTMAP_OFF DYNAMICLIGHTMAP_OFF UNITY_HDR_ON _ALPHATEST_ON ok=1
Cmd: compileSnippet
  api=1 type=1 insize=1152 outsize=2753 kw=LIGHTMAP_OFF DIRLIGHTMAP_OFF DYNAMICLIGHTMAP_OFF UNITY_HDR_ON _ALPHATEST_ON _PARALLAXMAP ok=1
Cmd: compileSnippet
  api=1 type=1 insize=1152 outsize=2919 kw=LIGHTMAP_OFF DIRLIGHTMAP_OFF DYNAMICLIGHTMAP_OFF UNITY_HDR_ON _ALPHATEST_ON _PARALLAXMAP _DETAIL_MULX2 ok=1
Cmd: compileSnippet
  api=4 type=1 insize=1152 outsize=8887 kw=LIGHTMAP_OFF DIRLIGHTMAP_OFF DYNAMICLIGHTMAP_OFF UNITY_HDR_ON _ALPHATEST_ON _PARALLAXMAP _METALLICGLOSSMAP ok=1
Cmd: compileSnippet
  api=1 type=1 insize=1152 outsize=2462 kw=LIGHTMAP_OFF DIRLIGHTMAP_OFF DYNAMICLIGHTMAP_OFF _EMISSION UNITY_HDR_ON _ALPHATEST_ON ok=1
Cmd: compileSnippet
  api=1 type=1 insize=1152 outsize=2807 kw=LIGHTMAP_OFF DIRLIGHTMAP_OFF DYNAMICLIGHTMAP_OFF _EMISSION UNITY_HDR_ON _ALPHATEST_ON _PARALLAXMAP ok=1
Cmd: compileSnippet
  api=1 type=1 insize=1152 outsize=2443 kw=LIGHTMAP_OFF DIRLIGHTMAP_OFF DYNAMICLIGHTMAP_OFF _EMISSION UNITY_HDR_ON _ALPHATEST_ON _METALLICGLOSSMAP ok=1
Cmd: compileSnippet
  api=1 type=1 insize=1152 outsize=2606 kw=LIGHTMAP_OFF DIRLIGHTMAP_OFF DYNAMICLIGHTMAP_OFF _EMISSION UNITY_HDR_ON _ALPHATEST_ON _DETAIL_MULX2 _METALLICGLOSSMAP ok=1
Cmd: compileSnippet
  api=1 type=1 insize=1152 outsize=2333 kw=LIGHTMAP_OFF DIRLIGHTMAP_OFF DYNAMICLIGHTMAP_OFF UNITY_HDR_ON _ALPHABLEND_ON ok=1
Cmd: compileSnippet
  api=4 type=1 insize=1152 outsize=8619 kw=LIGHTMAP_OFF DIRLIGHTMAP_OFF DYNAMICLIGHTMAP_OFF UNITY_HDR_ON _ALPHABLEND_ON _PARALLAXMAP ok=1
Cmd: compileSnippet
  api=1 type=1 insize=1152 outsize=2862 kw=LIGHTMAP_OFF DIRLIGHTMAP_OFF DYNAMICLIGHTMAP_OFF UNITY_HDR_ON _ALPHABLEND_ON _PARALLAXMAP _DETAIL_MULX2 ok=1
Cmd: compileSnippet
  api=1 type=1 insize=1152 outsize=2733 kw=LIGHTMAP_OFF DIRLIGHTMAP_OFF DYNAMICLIGHTMAP_OFF UNITY_HDR_ON _ALPHABLEND_ON _PARALLAXMAP _METALLICGLOSSMAP ok=1
Cmd: compileSnippet
  api=1 type=1 insize=1152 outsize=2387 kw=LIGHTMAP_OFF DIRLIGHTMAP_OFF DYNAMICLIGHTMAP_OFF _EMISSION UNITY_HDR_ON _ALPHABLEND_ON ok=1
Cmd: compileSnippet
  api=1 type=1 insize=1152 outsize=2754 kw=LIGHTMAP_OFF DIRLIGHTMAP_OFF DYNAMICLIGHTMAP_OFF _EMISSION UNITY_HDR_ON _ALPHABLEND_ON _PARALLAXMAP ok=1
Cmd: compileSnippet
  api=1 type=1 insize=1152 outsize=2916 kw=LIGHTMAP_OFF DIRLIGHTMAP_OFF DYNAMICLIGHTMAP_OFF _EMISSION UNITY_HDR_ON _ALPHABLEND_ON _PARALLAXMAP _DETAIL_MULX2 ok=1
Cmd: compileSnippet
  api=1 type=1 insize=1152 outsize=2533 kw=LIGHTMAP_OFF DIRLIGHTMAP_OFF DYNAMICLIGHTMAP_OFF _EMISSION UNITY_HDR_ON _ALPHABLEND_ON _DETAIL_MULX2 _METALLICGLOSSMAP ok=1
Cmd: compileSnippet
  api=1 type=1 insize=1152 outsize=2390 kw=LIGHTMAP_OFF DIRLIGHTMAP_OFF DYNAMICLIGHTMAP_OFF UNITY_HDR_ON _ALPHAPREMULTIPLY_ON ok=1
Cmd: compileSnippet
  api=1 type=1 insize=1152 outsize=2578 kw=LIGHTMAP_OFF DIRLIGHTMAP_OFF DYNAMICLIGHTMAP_OFF UNITY_HDR_ON _ALPHAPREMULTIPLY_ON _DETAIL_MULX2 ok=1
Cmd: compileSnippet
  api=4 type=1 insize=1152 outsize=7953 kw=LIGHTMAP_OFF DIRLIGHTMAP_OFF DYNAMICLIGHTMAP_OFF UNITY_HDR_ON _ALPHAPREMULTIPLY_ON _METALLICGLOSSMAP ok=1
Cmd: compileSnippet
  api=4 type=1 insize=1152 outsize=8464 kw=LIGHTMAP_OFF DIRLIGHTMAP_OFF DYNAMICLIGHTMAP_OFF UNITY_HDR_ON _ALPHAPREMULTIPLY_ON _DETAIL_MULX2 _METALLICGLOSSMAP ok=1
Cmd: compileSnippet
  api=1 type=1 insize=1152 outsize=2444 kw=LIGHTMAP_OFF DIRLIGHTMAP_OFF DYNAMICLIGHTMAP_OFF _EMISSION UNITY_HDR_ON _ALPHAPREMULTIPLY_ON ok=1
Cmd: compileSnippet
  api=4 type=1 insize=1152 outsize=8887 kw=LIGHTMAP_OFF DIRLIGHTMAP_OFF DYNAMICLIGHTMAP_OFF _EMISSION UNITY_HDR_ON _ALPHAPREMULTIPLY_ON _PARALLAXMAP ok=1
Cmd: compileSnippet
  api=4 type=1 insize=1152 outsize=9399 kw=LIGHTMAP_OFF DIRLIGHTMAP_OFF DYNAMICLIGHTMAP_OFF _EMISSION UNITY_HDR_ON _ALPHAPREMULTIPLY_ON _PARALLAXMAP _DETAIL_MULX2 ok=1
Cmd: compileSnippet
  api=1 type=1 insize=1152 outsize=2609 kw=LIGHTMAP_OFF DIRLIGHTMAP_OFF DYNAMICLIGHTMAP_OFF _EMISSION UNITY_HDR_ON _ALPHAPREMULTIPLY_ON _DETAIL_MULX2 _METALLICGLOSSMAP ok=1
Cmd: compileSnippet
  api=1 type=1 insize=1152 outsize=2719 kw=LIGHTMAP_OFF DIRLIGHTMAP_OFF DYNAMICLIGHTMAP_OFF UNITY_HDR_ON _NORMALMAP ok=1
Cmd: compileSnippet
  api=1 type=1 insize=1152 outsize=3012 kw=LIGHTMAP_OFF DIRLIGHTMAP_OFF DYNAMICLIGHTMAP_OFF UNITY_HDR_ON _PARALLAXMAP _NORMALMAP ok=1
Cmd: compileSnippet
  api=4 type=1 insize=1152 outsize=10796 kw=LIGHTMAP_OFF DIRLIGHTMAP_OFF DYNAMICLIGHTMAP_OFF UNITY_HDR_ON _PARALLAXMAP _DETAIL_MULX2 _NORMALMAP ok=1
Cmd: compileSnippet
  api=4 type=1 insize=1152 outsize=9448 kw=LIGHTMAP_OFF DIRLIGHTMAP_OFF DYNAMICLIGHTMAP_OFF UNITY_HDR_ON _PARALLAXMAP _NORMALMAP _METALLICGLOSSMAP ok=1
Cmd: compileSnippet
  api=4 type=1 insize=1152 outsize=10886 kw=LIGHTMAP_OFF DIRLIGHTMAP_OFF DYNAMICLIGHTMAP_OFF UNITY_HDR_ON _PARALLAXMAP _DETAIL_MULX2 _NORMALMAP _METALLICGLOSSMAP ok=1
Cmd: compileSnippet
  api=4 type=1 insize=1152 outsize=10244 kw=LIGHTMAP_OFF DIRLIGHTMAP_OFF DYNAMICLIGHTMAP_OFF _EMISSION UNITY_HDR_ON _DETAIL_MULX2 _NORMALMAP ok=1
Cmd: compileSnippet
  api=1 type=1 insize=1152 outsize=2814 kw=LIGHTMAP_OFF DIRLIGHTMAP_OFF DYNAMICLIGHTMAP_OFF _EMISSION UNITY_HDR_ON _NORMALMAP _METALLICGLOSSMAP ok=1
Cmd: compileSnippet
  api=4 type=1 insize=1152 outsize=10333 kw=LIGHTMAP_OFF DIRLIGHTMAP_OFF DYNAMICLIGHTMAP_OFF _EMISSION UNITY_HDR_ON _DETAIL_MULX2 _NORMALMAP _METALLICGLOSSMAP ok=1
Cmd: compileSnippet
  api=4 type=1 insize=1152 outsize=8773 kw=LIGHTMAP_OFF DIRLIGHTMAP_OFF DYNAMICLIGHTMAP_OFF UNITY_HDR_ON _ALPHATEST_ON _NORMALMAP ok=1
Cmd: compileSnippet
  api=1 type=1 insize=1152 outsize=3044 kw=LIGHTMAP_OFF DIRLIGHTMAP_OFF DYNAMICLIGHTMAP_OFF UNITY_HDR_ON _ALPHATEST_ON _PARALLAXMAP _NORMALMAP ok=1
Cmd: compileSnippet
  api=4 type=1 insize=1152 outsize=10975 kw=LIGHTMAP_OFF DIRLIGHTMAP_OFF DYNAMICLIGHTMAP_OFF UNITY_HDR_ON _ALPHATEST_ON _PARALLAXMAP _DETAIL_MULX2 _NORMALMAP ok=1
Cmd: compileSnippet
  api=1 type=1 insize=1152 outsize=3035 kw=LIGHTMAP_OFF DIRLIGHTMAP_OFF DYNAMICLIGHTMAP_OFF UNITY_HDR_ON _ALPHATEST_ON _PARALLAXMAP _NORMALMAP _METALLICGLOSSMAP ok=1
Cmd: compileSnippet
  api=4 type=1 insize=1152 outsize=11064 kw=LIGHTMAP_OFF DIRLIGHTMAP_OFF DYNAMICLIGHTMAP_OFF UNITY_HDR_ON _ALPHATEST_ON _PARALLAXMAP _DETAIL_MULX2 _NORMALMAP _METALLICGLOSSMAP ok=1
Cmd: compileSnippet
  api=1 type=1 insize=1152 outsize=3098 kw=LIGHTMAP_OFF DIRLIGHTMAP_OFF DYNAMICLIGHTMAP_OFF _EMISSION UNITY_HDR_ON _ALPHATEST_ON _PARALLAXMAP _NORMALMAP ok=1
Cmd: compileSnippet
  api=1 type=1 insize=1152 outsize=3637 kw=LIGHTMAP_OFF DIRLIGHTMAP_OFF DYNAMICLIGHTMAP_OFF _EMISSION UNITY_HDR_ON _ALPHATEST_ON _PARALLAXMAP _DETAIL_MULX2 _NORMALMAP ok=1
Cmd: compileSnippet
  api=1 type=1 insize=1152 outsize=3089 kw=LIGHTMAP_OFF DIRLIGHTMAP_OFF DYNAMICLIGHTMAP_OFF _EMISSION UNITY_HDR_ON _ALPHATEST_ON _PARALLAXMAP _NORMALMAP _METALLICGLOSSMAP ok=1
Cmd: compileSnippet
  api=1 type=1 insize=1152 outsize=3621 kw=LIGHTMAP_OFF DIRLIGHTMAP_OFF DYNAMICLIGHTMAP_OFF _EMISSION UNITY_HDR_ON _ALPHATEST_ON _PARALLAXMAP _DETAIL_MULX2 _NORMALMAP _METALLICGLOSSMAP ok=1
Cmd: compileSnippet
  api=1 type=1 insize=1152 outsize=3235 kw=LIGHTMAP_OFF DIRLIGHTMAP_OFF DYNAMICLIGHTMAP_OFF UNITY_HDR_ON _ALPHABLEND_ON _DETAIL_MULX2 _NORMALMAP ok=1
Cmd: compileSnippet
  api=4 type=1 insize=1152 outsize=8684 kw=LIGHTMAP_OFF DIRLIGHTMAP_OFF DYNAMICLIGHTMAP_OFF UNITY_HDR_ON _ALPHABLEND_ON _NORMALMAP _METALLICGLOSSMAP ok=1
Cmd: compileSnippet
  api=4 type=1 insize=1152 outsize=10122 kw=LIGHTMAP_OFF DIRLIGHTMAP_OFF DYNAMICLIGHTMAP_OFF UNITY_HDR_ON _ALPHABLEND_ON _DETAIL_MULX2 _NORMALMAP _METALLICGLOSSMAP ok=1
Cmd: compileSnippet
  api=1 type=1 insize=1152 outsize=2773 kw=LIGHTMAP_OFF DIRLIGHTMAP_OFF DYNAMICLIGHTMAP_OFF _EMISSION UNITY_HDR_ON _ALPHABLEND_ON _NORMALMAP ok=1
Cmd: compileSnippet
  api=4 type=1 insize=1152 outsize=9569 kw=LIGHTMAP_OFF DIRLIGHTMAP_OFF DYNAMICLIGHTMAP_OFF _EMISSION UNITY_HDR_ON _ALPHABLEND_ON _PARALLAXMAP _NORMALMAP ok=1
Cmd: compileSnippet
  api=1 type=1 insize=1152 outsize=3583 kw=LIGHTMAP_OFF DIRLIGHTMAP_OFF DYNAMICLIGHTMAP_OFF _EMISSION UNITY_HDR_ON _ALPHABLEND_ON _PARALLAXMAP _DETAIL_MULX2 _NORMALMAP ok=1
Cmd: compileSnippet
Unhandled exception: WriteFile to pipe failed. GLE=The pipe is being closed.


Quitting shader compiler process
